23:45:27:172  INFO 12200 --- [main] com.hmall.pay.PayApplication             : Starting PayApplication using Java 11.0.23 on ybwwt with PID 12200 (E:\src\JAVALearn\C3\hmall\pay-service\target\classes started by 10520 in E:\src\JAVALearn\C3\hmall)
23:45:27:174 DEBUG 12200 --- [main] com.hmall.pay.PayApplication             : Running with Spring Boot v2.7.12, Spring v5.3.27
23:45:27:175  INFO 12200 --- [main] com.hmall.pay.PayApplication             : The following 1 profile is active: "local"
23:45:28:718  INFO 12200 --- [main] o.s.cloud.context.scope.GenericScope     : BeanFactory id=0bafc6f9-d73c-3432-9152-9e8384c486de
23:45:29:256  INFO 12200 --- [main] o.s.b.w.embedded.tomcat.TomcatWebServer  : Tomcat initialized with port(s): 8086 (http)
23:45:29:272  INFO 12200 --- [main] o.apache.catalina.core.StandardService   : Starting service [Tomcat]
23:45:29:273  INFO 12200 --- [main] org.apache.catalina.core.StandardEngine  : Starting Servlet engine: [Apache Tomcat/9.0.75]
23:45:29:671  INFO 12200 --- [main] o.a.c.c.C.[Tomcat].[localhost].[/]       : Initializing Spring embedded WebApplicationContext
23:45:29:671  INFO 12200 --- [main] w.s.c.ServletWebServerApplicationContext : Root WebApplicationContext: initialization completed in 2445 ms
23:45:29:891  INFO 12200 --- [main] o.s.c.openfeign.FeignClientFactoryBean   : For 'user-service' URL not provided. Will try picking an instance via load-balancing.
23:45:29:943  INFO 12200 --- [main] o.s.c.openfeign.FeignClientFactoryBean   : For 'trade-service' URL not provided. Will try picking an instance via load-balancing.
23:45:29:959  INFO 12200 --- [main] o.s.c.openfeign.FeignClientFactoryBean   : For 'item-service' URL not provided. Will try picking an instance via load-balancing.
23:45:32:352  INFO 12200 --- [main] pertySourcedRequestMappingHandlerMapping : Mapped URL path [/v2/api-docs] onto method [springfox.documentation.swagger2.web.Swagger2ControllerWebMvc#getDocumentation(String, HttpServletRequest)]
23:45:33:148  INFO 12200 --- [main] com.alibaba.nacos.common.remote.client   : [RpcClientFactory] create a new rpc client of ac12243c-acd7-478b-bda9-cd1c71c29578
23:45:33:312  INFO 12200 --- [main] org.reflections.Reflections              : Reflections took 63 ms to scan 1 urls, producing 3 keys and 6 values 
23:45:33:364  INFO 12200 --- [main] org.reflections.Reflections              : Reflections took 13 ms to scan 1 urls, producing 4 keys and 9 values 
23:45:33:377  INFO 12200 --- [main] org.reflections.Reflections              : Reflections took 10 ms to scan 1 urls, producing 3 keys and 10 values 
23:45:33:379  WARN 12200 --- [main] org.reflections.Reflections              : given scan urls are empty. set urls in the configuration
23:45:33:387  INFO 12200 --- [main] org.reflections.Reflections              : Reflections took 7 ms to scan 1 urls, producing 1 keys and 5 values 
23:45:33:398  INFO 12200 --- [main] org.reflections.Reflections              : Reflections took 7 ms to scan 1 urls, producing 1 keys and 7 values 
23:45:33:414  INFO 12200 --- [main] org.reflections.Reflections              : Reflections took 12 ms to scan 1 urls, producing 2 keys and 8 values 
23:45:33:419  WARN 12200 --- [main] org.reflections.Reflections              : given scan urls are empty. set urls in the configuration
23:45:33:429  INFO 12200 --- [main] com.alibaba.nacos.common.remote.client   : [ac12243c-acd7-478b-bda9-cd1c71c29578] RpcClient init label, labels = {module=naming, source=sdk}
23:45:33:432  INFO 12200 --- [main] com.alibaba.nacos.common.remote.client   : [ac12243c-acd7-478b-bda9-cd1c71c29578] RpcClient init, ServerListFactory = com.alibaba.nacos.client.naming.core.ServerListManager
23:45:33:432  INFO 12200 --- [main] com.alibaba.nacos.common.remote.client   : [ac12243c-acd7-478b-bda9-cd1c71c29578] Registry connection listener to current client:com.alibaba.nacos.client.naming.remote.gprc.redo.NamingGrpcRedoService
23:45:33:433  INFO 12200 --- [main] com.alibaba.nacos.common.remote.client   : [ac12243c-acd7-478b-bda9-cd1c71c29578] Register server push request handler:com.alibaba.nacos.client.naming.remote.gprc.NamingPushRequestHandler
23:45:33:435  INFO 12200 --- [main] com.alibaba.nacos.common.remote.client   : [ac12243c-acd7-478b-bda9-cd1c71c29578] Try to connect to server on start up, server: {serverIp = '192.168.244.130', server main port = 8848}
23:45:35:852  INFO 12200 --- [main] com.alibaba.nacos.common.remote.client   : [ac12243c-acd7-478b-bda9-cd1c71c29578] Success to connect to server [192.168.244.130:8848] on start up, connectionId = 1717170335674_192.168.244.1_3596
23:45:35:852  INFO 12200 --- [com.alibaba.nacos.client.remote.worker] com.alibaba.nacos.common.remote.client   : [ac12243c-acd7-478b-bda9-cd1c71c29578] Notify connected event to listeners.
23:45:35:853  INFO 12200 --- [main] com.alibaba.nacos.common.remote.client   : [ac12243c-acd7-478b-bda9-cd1c71c29578] Register server push request handler:com.alibaba.nacos.common.remote.client.RpcClient$ConnectResetRequestHandler
23:45:35:854  INFO 12200 --- [main] com.alibaba.nacos.common.remote.client   : [ac12243c-acd7-478b-bda9-cd1c71c29578] Register server push request handler:com.alibaba.nacos.common.remote.client.RpcClient$$Lambda$978/0x000000080069a840
23:45:35:920  INFO 12200 --- [main] o.s.b.w.embedded.tomcat.TomcatWebServer  : Tomcat started on port(s): 8086 (http) with context path ''
23:45:35:930  INFO 12200 --- [main] c.a.c.n.registry.NacosServiceRegistry    : nacos registry, DEFAULT_GROUP pay-service 192.168.28.1:8086 register finished
23:45:36:423  INFO 12200 --- [main] d.s.w.p.DocumentationPluginsBootstrapper : Documentation plugins bootstrapped
23:45:36:426  INFO 12200 --- [main] d.s.w.p.DocumentationPluginsBootstrapper : Found 1 custom documentation plugin(s)
23:45:36:447  INFO 12200 --- [main] s.d.s.w.s.ApiListingReferenceScanner     : Scanning for api listing references
23:45:36:489  INFO 12200 --- [nacos-grpc-client-executor-9] com.alibaba.nacos.common.remote.client   : [ac12243c-acd7-478b-bda9-cd1c71c29578] Receive server push request, request = NotifySubscriberRequest, requestId = 15
23:45:36:495  INFO 12200 --- [nacos-grpc-client-executor-9] com.alibaba.nacos.common.remote.client   : [ac12243c-acd7-478b-bda9-cd1c71c29578] Ack server push request, request = NotifySubscriberRequest, requestId = 15
23:45:36:576  INFO 12200 --- [main] com.hmall.pay.PayApplication             : Started PayApplication in 10.976 seconds (JVM running for 13.345)
23:45:40:595  INFO 12200 --- [http-nio-8086-exec-1] o.a.c.c.C.[Tomcat].[localhost].[/]       : Initializing Spring DispatcherServlet 'dispatcherServlet'
23:45:40:596  INFO 12200 --- [http-nio-8086-exec-1] o.s.web.servlet.DispatcherServlet        : Initializing Servlet 'dispatcherServlet'
23:45:40:597  INFO 12200 --- [http-nio-8086-exec-1] o.s.web.servlet.DispatcherServlet        : Completed initialization in 1 ms
23:45:56:185  INFO 12200 --- [http-nio-8086-exec-9] com.zaxxer.hikari.HikariDataSource       : HikariPool-1 - Starting...
23:45:56:952  INFO 12200 --- [http-nio-8086-exec-9] com.zaxxer.hikari.HikariDataSource       : HikariPool-1 - Start completed.
23:45:56:959 DEBUG 12200 --- [http-nio-8086-exec-9] c.h.p.mapper.PayOrderMapper.selectList   : ==>  Preparing: SELECT id,biz_order_no,pay_order_no,biz_user_id,pay_channel_code,amount,pay_type,status,expand_json,result_code,result_msg,pay_success_time,pay_over_time,qr_code_url,create_time,update_time,creater,updater,is_delete FROM pay_order
23:45:56:976 DEBUG 12200 --- [http-nio-8086-exec-9] c.h.p.mapper.PayOrderMapper.selectList   : ==> Parameters: 
23:45:56:998 DEBUG 12200 --- [http-nio-8086-exec-9] c.h.p.mapper.PayOrderMapper.selectList   : <==      Total: 2
