22:56:00:019  INFO 3232 --- [main] com.hmall.trade.TradeApplication         : Starting TradeApplication using Java 11.0.23 on ybwwt with PID 3232 (E:\src\JAVALearn\C3\hmall\trade-service\target\classes started by 10520 in E:\src\JAVALearn\C3\hmall)
22:56:00:024 DEBUG 3232 --- [main] com.hmall.trade.TradeApplication         : Running with Spring Boot v2.7.12, Spring v5.3.27
22:56:00:025  INFO 3232 --- [main] com.hmall.trade.TradeApplication         : The following 1 profile is active: "local"
22:56:02:095  INFO 3232 --- [main] o.s.cloud.context.scope.GenericScope     : BeanFactory id=bbd81ae2-311c-3d99-9096-bdf47d306c58
22:56:02:944  INFO 3232 --- [main] o.s.b.w.embedded.tomcat.TomcatWebServer  : Tomcat initialized with port(s): 8085 (http)
22:56:03:012  INFO 3232 --- [main] o.apache.catalina.core.StandardService   : Starting service [Tomcat]
22:56:03:012  INFO 3232 --- [main] org.apache.catalina.core.StandardEngine  : Starting Servlet engine: [Apache Tomcat/9.0.75]
22:56:03:346  INFO 3232 --- [main] o.a.c.c.C.[Tomcat].[localhost].[/]       : Initializing Spring embedded WebApplicationContext
22:56:03:346  INFO 3232 --- [main] w.s.c.ServletWebServerApplicationContext : Root WebApplicationContext: initialization completed in 3030 ms
22:56:05:613  INFO 3232 --- [main] o.s.c.openfeign.FeignClientFactoryBean   : For 'item-service' URL not provided. Will try picking an instance via load-balancing.
22:56:05:672  INFO 3232 --- [main] o.s.c.openfeign.FeignClientFactoryBean   : For 'cart-service' URL not provided. Will try picking an instance via load-balancing.
22:56:06:749  INFO 3232 --- [main] pertySourcedRequestMappingHandlerMapping : Mapped URL path [/v2/api-docs] onto method [springfox.documentation.swagger2.web.Swagger2ControllerWebMvc#getDocumentation(String, HttpServletRequest)]
22:56:07:432  INFO 3232 --- [main] com.alibaba.nacos.common.remote.client   : [RpcClientFactory] create a new rpc client of 511486ed-5862-48f3-abfd-4cc24718a1de
22:56:07:500  INFO 3232 --- [main] org.reflections.Reflections              : Reflections took 35 ms to scan 1 urls, producing 3 keys and 6 values 
22:56:07:535  INFO 3232 --- [main] org.reflections.Reflections              : Reflections took 9 ms to scan 1 urls, producing 4 keys and 9 values 
22:56:07:552  INFO 3232 --- [main] org.reflections.Reflections              : Reflections took 13 ms to scan 1 urls, producing 3 keys and 10 values 
22:56:07:556  WARN 3232 --- [main] org.reflections.Reflections              : given scan urls are empty. set urls in the configuration
22:56:07:571  INFO 3232 --- [main] org.reflections.Reflections              : Reflections took 13 ms to scan 1 urls, producing 1 keys and 5 values 
22:56:07:583  INFO 3232 --- [main] org.reflections.Reflections              : Reflections took 9 ms to scan 1 urls, producing 1 keys and 7 values 
22:56:07:598  INFO 3232 --- [main] org.reflections.Reflections              : Reflections took 11 ms to scan 1 urls, producing 2 keys and 8 values 
22:56:07:601  WARN 3232 --- [main] org.reflections.Reflections              : given scan urls are empty. set urls in the configuration
22:56:07:602  INFO 3232 --- [main] com.alibaba.nacos.common.remote.client   : [511486ed-5862-48f3-abfd-4cc24718a1de] RpcClient init label, labels = {module=naming, source=sdk}
22:56:07:604  INFO 3232 --- [main] com.alibaba.nacos.common.remote.client   : [511486ed-5862-48f3-abfd-4cc24718a1de] RpcClient init, ServerListFactory = com.alibaba.nacos.client.naming.core.ServerListManager
22:56:07:604  INFO 3232 --- [main] com.alibaba.nacos.common.remote.client   : [511486ed-5862-48f3-abfd-4cc24718a1de] Registry connection listener to current client:com.alibaba.nacos.client.naming.remote.gprc.redo.NamingGrpcRedoService
22:56:07:605  INFO 3232 --- [main] com.alibaba.nacos.common.remote.client   : [511486ed-5862-48f3-abfd-4cc24718a1de] Register server push request handler:com.alibaba.nacos.client.naming.remote.gprc.NamingPushRequestHandler
22:56:07:606  INFO 3232 --- [main] com.alibaba.nacos.common.remote.client   : [511486ed-5862-48f3-abfd-4cc24718a1de] Try to connect to server on start up, server: {serverIp = '192.168.244.130', server main port = 8848}
22:56:12:535  INFO 3232 --- [main] com.alibaba.nacos.common.remote.client   : [511486ed-5862-48f3-abfd-4cc24718a1de] Success to connect to server [192.168.244.130:8848] on start up, connectionId = 1717253772461_192.168.244.1_14104
22:56:12:536  INFO 3232 --- [com.alibaba.nacos.client.remote.worker] com.alibaba.nacos.common.remote.client   : [511486ed-5862-48f3-abfd-4cc24718a1de] Notify connected event to listeners.
22:56:12:538  INFO 3232 --- [main] com.alibaba.nacos.common.remote.client   : [511486ed-5862-48f3-abfd-4cc24718a1de] Register server push request handler:com.alibaba.nacos.common.remote.client.RpcClient$ConnectResetRequestHandler
22:56:12:538  INFO 3232 --- [main] com.alibaba.nacos.common.remote.client   : [511486ed-5862-48f3-abfd-4cc24718a1de] Register server push request handler:com.alibaba.nacos.common.remote.client.RpcClient$$Lambda$976/0x000000080069b440
22:56:12:680  INFO 3232 --- [main] o.s.b.w.embedded.tomcat.TomcatWebServer  : Tomcat started on port(s): 8085 (http) with context path ''
22:56:12:690  INFO 3232 --- [main] c.a.c.n.registry.NacosServiceRegistry    : nacos registry, DEFAULT_GROUP trade-service 192.168.28.1:8085 register finished
22:56:13:114  INFO 3232 --- [nacos-grpc-client-executor-10] com.alibaba.nacos.common.remote.client   : [511486ed-5862-48f3-abfd-4cc24718a1de] Receive server push request, request = NotifySubscriberRequest, requestId = 4
22:56:13:126  INFO 3232 --- [nacos-grpc-client-executor-10] com.alibaba.nacos.common.remote.client   : [511486ed-5862-48f3-abfd-4cc24718a1de] Ack server push request, request = NotifySubscriberRequest, requestId = 4
22:56:13:264  INFO 3232 --- [main] d.s.w.p.DocumentationPluginsBootstrapper : Documentation plugins bootstrapped
22:56:13:266  INFO 3232 --- [main] d.s.w.p.DocumentationPluginsBootstrapper : Found 1 custom documentation plugin(s)
22:56:13:305  INFO 3232 --- [main] s.d.s.w.s.ApiListingReferenceScanner     : Scanning for api listing references
22:56:13:410  INFO 3232 --- [main] com.hmall.trade.TradeApplication         : Started TradeApplication in 15.664 seconds (JVM running for 20.093)
23:07:46:157  WARN 3232 --- [Thread-4] c.a.nacos.common.notify.NotifyCenter     : [NotifyCenter] Start destroying Publisher
23:07:46:158  WARN 3232 --- [Thread-4] c.a.nacos.common.notify.NotifyCenter     : [NotifyCenter] Destruction of the end
23:07:46:158  WARN 3232 --- [Thread-7] c.a.n.common.http.HttpClientBeanHolder   : [HttpClientBeanHolder] Start destroying common HttpClient
23:07:46:161  WARN 3232 --- [Thread-7] c.a.n.common.http.HttpClientBeanHolder   : [HttpClientBeanHolder] Destruction of the end
23:07:46:842  INFO 3232 --- [SpringApplicationShutdownHook] c.a.c.n.registry.NacosServiceRegistry    : De-registering from Nacos Server now...
23:07:46:848  INFO 3232 --- [SpringApplicationShutdownHook] c.a.c.n.registry.NacosServiceRegistry    : De-registration finished.
23:07:47:191  INFO 3232 --- [SpringApplicationShutdownHook] com.alibaba.nacos.common.remote.client   : Shutdown rpc client, set status to shutdown
23:07:47:192  INFO 3232 --- [SpringApplicationShutdownHook] com.alibaba.nacos.common.remote.client   : Shutdown client event executor java.util.concurrent.ScheduledThreadPoolExecutor@41553133[Running, pool size = 2, active threads = 2, queued tasks = 0, completed tasks = 0]
23:07:47:192  INFO 3232 --- [SpringApplicationShutdownHook] com.alibaba.nacos.common.remote.client   : Close current connection 1717253772461_192.168.244.1_14104
23:07:47:211  INFO 3232 --- [SpringApplicationShutdownHook] c.a.n.c.remote.client.grpc.GrpcClient    : Shutdown grpc executor java.util.concurrent.ThreadPoolExecutor@5827feda[Running, pool size = 5, active threads = 1, queued tasks = 0, completed tasks = 162]
23:07:47:259  INFO 3232 --- [nacos-grpc-client-executor-162] c.a.n.c.remote.client.grpc.GrpcClient    : [1717253772461_192.168.244.1_14104]Ignore complete event,isRunning:false,isAbandon=false
