22:52:40:828  INFO 19536 --- [main] com.hmall.item.ItemApplication           : Starting ItemApplication using Java 11.0.23 on ybwwt with PID 19536 (E:\src\JAVALearn\C3\hmall\item-service\target\classes started by 10520 in E:\src\JAVALearn\C3\hmall)
22:52:40:853 DEBUG 19536 --- [main] com.hmall.item.ItemApplication           : Running with Spring Boot v2.7.12, Spring v5.3.27
22:52:40:853  INFO 19536 --- [main] com.hmall.item.ItemApplication           : The following 1 profile is active: "local"
22:52:43:774  INFO 19536 --- [main] o.s.cloud.context.scope.GenericScope     : BeanFactory id=5db08dbb-5091-3258-a13a-391d84e06a08
22:52:44:543  INFO 19536 --- [main] o.s.b.w.embedded.tomcat.TomcatWebServer  : Tomcat initialized with port(s): 8081 (http)
22:52:44:553  INFO 19536 --- [main] o.apache.catalina.core.StandardService   : Starting service [Tomcat]
22:52:44:553  INFO 19536 --- [main] org.apache.catalina.core.StandardEngine  : Starting Servlet engine: [Apache Tomcat/9.0.75]
22:52:44:797  INFO 19536 --- [main] o.a.c.c.C.[Tomcat].[localhost].[/]       : Initializing Spring embedded WebApplicationContext
22:52:44:797  INFO 19536 --- [main] w.s.c.ServletWebServerApplicationContext : Root WebApplicationContext: initialization completed in 3663 ms
22:52:47:491  INFO 19536 --- [main] pertySourcedRequestMappingHandlerMapping : Mapped URL path [/v2/api-docs] onto method [springfox.documentation.swagger2.web.Swagger2ControllerWebMvc#getDocumentation(String, HttpServletRequest)]
22:52:48:240  INFO 19536 --- [main] com.alibaba.nacos.common.remote.client   : [RpcClientFactory] create a new rpc client of 60cac30e-ddc0-4aef-8dd2-f4337852aff8
22:52:48:366  INFO 19536 --- [main] org.reflections.Reflections              : Reflections took 64 ms to scan 1 urls, producing 3 keys and 6 values 
22:52:48:412  INFO 19536 --- [main] org.reflections.Reflections              : Reflections took 8 ms to scan 1 urls, producing 4 keys and 9 values 
22:52:48:421  INFO 19536 --- [main] org.reflections.Reflections              : Reflections took 6 ms to scan 1 urls, producing 3 keys and 10 values 
22:52:48:423  WARN 19536 --- [main] org.reflections.Reflections              : given scan urls are empty. set urls in the configuration
22:52:48:429  INFO 19536 --- [main] org.reflections.Reflections              : Reflections took 6 ms to scan 1 urls, producing 1 keys and 5 values 
22:52:48:437  INFO 19536 --- [main] org.reflections.Reflections              : Reflections took 6 ms to scan 1 urls, producing 1 keys and 7 values 
22:52:48:446  INFO 19536 --- [main] org.reflections.Reflections              : Reflections took 7 ms to scan 1 urls, producing 2 keys and 8 values 
22:52:48:448  WARN 19536 --- [main] org.reflections.Reflections              : given scan urls are empty. set urls in the configuration
22:52:48:449  INFO 19536 --- [main] com.alibaba.nacos.common.remote.client   : [60cac30e-ddc0-4aef-8dd2-f4337852aff8] RpcClient init label, labels = {module=naming, source=sdk}
22:52:48:451  INFO 19536 --- [main] com.alibaba.nacos.common.remote.client   : [60cac30e-ddc0-4aef-8dd2-f4337852aff8] RpcClient init, ServerListFactory = com.alibaba.nacos.client.naming.core.ServerListManager
22:52:48:451  INFO 19536 --- [main] com.alibaba.nacos.common.remote.client   : [60cac30e-ddc0-4aef-8dd2-f4337852aff8] Registry connection listener to current client:com.alibaba.nacos.client.naming.remote.gprc.redo.NamingGrpcRedoService
22:52:48:452  INFO 19536 --- [main] com.alibaba.nacos.common.remote.client   : [60cac30e-ddc0-4aef-8dd2-f4337852aff8] Register server push request handler:com.alibaba.nacos.client.naming.remote.gprc.NamingPushRequestHandler
22:52:48:453  INFO 19536 --- [main] com.alibaba.nacos.common.remote.client   : [60cac30e-ddc0-4aef-8dd2-f4337852aff8] Try to connect to server on start up, server: {serverIp = '192.168.244.130', server main port = 8848}
22:52:50:909  INFO 19536 --- [main] com.alibaba.nacos.common.remote.client   : [60cac30e-ddc0-4aef-8dd2-f4337852aff8] Success to connect to server [192.168.244.130:8848] on start up, connectionId = 1717253570750_192.168.244.1_13818
22:52:50:911  INFO 19536 --- [main] com.alibaba.nacos.common.remote.client   : [60cac30e-ddc0-4aef-8dd2-f4337852aff8] Register server push request handler:com.alibaba.nacos.common.remote.client.RpcClient$ConnectResetRequestHandler
22:52:50:910  INFO 19536 --- [com.alibaba.nacos.client.remote.worker] com.alibaba.nacos.common.remote.client   : [60cac30e-ddc0-4aef-8dd2-f4337852aff8] Notify connected event to listeners.
22:52:50:911  INFO 19536 --- [main] com.alibaba.nacos.common.remote.client   : [60cac30e-ddc0-4aef-8dd2-f4337852aff8] Register server push request handler:com.alibaba.nacos.common.remote.client.RpcClient$$Lambda$937/0x00000005d4e84c40
22:52:51:027  INFO 19536 --- [main] o.s.b.w.embedded.tomcat.TomcatWebServer  : Tomcat started on port(s): 8081 (http) with context path ''
22:52:51:045  INFO 19536 --- [main] c.a.c.n.registry.NacosServiceRegistry    : nacos registry, DEFAULT_GROUP item-service 192.168.28.1:8081 register finished
22:52:51:447  INFO 19536 --- [main] d.s.w.p.DocumentationPluginsBootstrapper : Documentation plugins bootstrapped
22:52:51:450  INFO 19536 --- [main] d.s.w.p.DocumentationPluginsBootstrapper : Found 1 custom documentation plugin(s)
22:52:51:470  INFO 19536 --- [main] s.d.s.w.s.ApiListingReferenceScanner     : Scanning for api listing references
22:52:51:565  INFO 19536 --- [nacos-grpc-client-executor-11] com.alibaba.nacos.common.remote.client   : [60cac30e-ddc0-4aef-8dd2-f4337852aff8] Receive server push request, request = NotifySubscriberRequest, requestId = 1
22:52:51:587  INFO 19536 --- [nacos-grpc-client-executor-11] com.alibaba.nacos.common.remote.client   : [60cac30e-ddc0-4aef-8dd2-f4337852aff8] Ack server push request, request = NotifySubscriberRequest, requestId = 1
22:52:51:644  INFO 19536 --- [main] com.hmall.item.ItemApplication           : Started ItemApplication in 13.992 seconds (JVM running for 18.295)
22:57:09:465  INFO 19536 --- [http-nio-8081-exec-1] o.a.c.c.C.[Tomcat].[localhost].[/]       : Initializing Spring DispatcherServlet 'dispatcherServlet'
22:57:09:465  INFO 19536 --- [http-nio-8081-exec-1] o.s.web.servlet.DispatcherServlet        : Initializing Servlet 'dispatcherServlet'
22:57:09:466  INFO 19536 --- [http-nio-8081-exec-1] o.s.web.servlet.DispatcherServlet        : Completed initialization in 1 ms
22:58:17:267  INFO 19536 --- [http-nio-8081-exec-8] com.zaxxer.hikari.HikariDataSource       : HikariPool-1 - Starting...
22:58:18:437  INFO 19536 --- [http-nio-8081-exec-8] com.zaxxer.hikari.HikariDataSource       : HikariPool-1 - Start completed.
22:58:18:448 DEBUG 19536 --- [http-nio-8081-exec-8] c.h.i.m.ItemMapper.selectPage_mpCount    : ==>  Preparing: SELECT COUNT(*) FROM item WHERE (status = ?)
22:58:18:470 DEBUG 19536 --- [http-nio-8081-exec-8] c.h.i.m.ItemMapper.selectPage_mpCount    : ==> Parameters: 1(Integer)
22:58:19:347 DEBUG 19536 --- [http-nio-8081-exec-8] c.h.i.m.ItemMapper.selectPage_mpCount    : <==      Total: 1
22:58:19:373 DEBUG 19536 --- [http-nio-8081-exec-8] c.h.item.mapper.ItemMapper.selectPage    : ==>  Preparing: SELECT id, name, price, stock, image, category, brand, spec, sold, comment_count, isAD, status, create_time, update_time, creater, updater FROM item WHERE (status = ?) ORDER BY update_time DESC LIMIT ?
22:58:19:374 DEBUG 19536 --- [http-nio-8081-exec-8] c.h.item.mapper.ItemMapper.selectPage    : ==> Parameters: 1(Integer), 20(Long)
22:58:19:645 DEBUG 19536 --- [http-nio-8081-exec-8] c.h.item.mapper.ItemMapper.selectPage    : <==      Total: 20
22:58:34:001 DEBUG 19536 --- [http-nio-8081-exec-6] c.h.i.m.ItemMapper.selectPage_mpCount    : ==>  Preparing: SELECT COUNT(*) FROM item WHERE (status = ?)
22:58:34:001 DEBUG 19536 --- [http-nio-8081-exec-6] c.h.i.m.ItemMapper.selectPage_mpCount    : ==> Parameters: 1(Integer)
22:58:34:014 DEBUG 19536 --- [http-nio-8081-exec-6] c.h.i.m.ItemMapper.selectPage_mpCount    : <==      Total: 1
22:58:34:016 DEBUG 19536 --- [http-nio-8081-exec-6] c.h.item.mapper.ItemMapper.selectPage    : ==>  Preparing: SELECT id, name, price, stock, image, category, brand, spec, sold, comment_count, isAD, status, create_time, update_time, creater, updater FROM item WHERE (status = ?) ORDER BY update_time DESC LIMIT ?
22:58:34:016 DEBUG 19536 --- [http-nio-8081-exec-6] c.h.item.mapper.ItemMapper.selectPage    : ==> Parameters: 1(Integer), 20(Long)
22:58:34:020 DEBUG 19536 --- [http-nio-8081-exec-6] c.h.item.mapper.ItemMapper.selectPage    : <==      Total: 20
22:59:17:575 DEBUG 19536 --- [http-nio-8081-exec-10] c.h.i.m.ItemMapper.selectPage_mpCount    : ==>  Preparing: SELECT COUNT(*) FROM item
22:59:17:575 DEBUG 19536 --- [http-nio-8081-exec-10] c.h.i.m.ItemMapper.selectPage_mpCount    : ==> Parameters: 
22:59:19:550 DEBUG 19536 --- [http-nio-8081-exec-10] c.h.i.m.ItemMapper.selectPage_mpCount    : <==      Total: 1
22:59:19:552 DEBUG 19536 --- [http-nio-8081-exec-10] c.h.item.mapper.ItemMapper.selectPage    : ==>  Preparing: SELECT id, name, price, stock, image, category, brand, spec, sold, comment_count, isAD, status, create_time, update_time, creater, updater FROM item ORDER BY update_time DESC LIMIT ?
22:59:19:552 DEBUG 19536 --- [http-nio-8081-exec-10] c.h.item.mapper.ItemMapper.selectPage    : ==> Parameters: 20(Long)
22:59:19:556 DEBUG 19536 --- [http-nio-8081-exec-10] c.h.item.mapper.ItemMapper.selectPage    : <==      Total: 20
23:02:03:974  INFO 6492 --- [main] com.hmall.item.ItemApplication           : Starting ItemApplication using Java 11.0.23 on ybwwt with PID 6492 (E:\src\JAVALearn\C3\hmall\item-service\target\classes started by 10520 in E:\src\JAVALearn\C3\hmall)
23:02:03:984 DEBUG 6492 --- [main] com.hmall.item.ItemApplication           : Running with Spring Boot v2.7.12, Spring v5.3.27
23:02:03:984  INFO 6492 --- [main] com.hmall.item.ItemApplication           : The following 1 profile is active: "local"
23:02:05:074  INFO 6492 --- [main] o.s.cloud.context.scope.GenericScope     : BeanFactory id=5db08dbb-5091-3258-a13a-391d84e06a08
23:02:05:492  INFO 6492 --- [main] o.s.b.w.embedded.tomcat.TomcatWebServer  : Tomcat initialized with port(s): 8083 (http)
23:02:05:503  INFO 6492 --- [main] o.apache.catalina.core.StandardService   : Starting service [Tomcat]
23:02:05:503  INFO 6492 --- [main] org.apache.catalina.core.StandardEngine  : Starting Servlet engine: [Apache Tomcat/9.0.75]
23:02:05:782  INFO 6492 --- [main] o.a.c.c.C.[Tomcat].[localhost].[/]       : Initializing Spring embedded WebApplicationContext
23:02:05:783  INFO 6492 --- [main] w.s.c.ServletWebServerApplicationContext : Root WebApplicationContext: initialization completed in 1767 ms
23:02:08:113  INFO 6492 --- [main] pertySourcedRequestMappingHandlerMapping : Mapped URL path [/v2/api-docs] onto method [springfox.documentation.swagger2.web.Swagger2ControllerWebMvc#getDocumentation(String, HttpServletRequest)]
23:02:08:778  INFO 6492 --- [main] com.alibaba.nacos.common.remote.client   : [RpcClientFactory] create a new rpc client of ac96936b-e499-48b7-a7c3-fd30eda17e23
23:02:08:863  INFO 6492 --- [main] org.reflections.Reflections              : Reflections took 20 ms to scan 1 urls, producing 3 keys and 6 values 
23:02:08:889  INFO 6492 --- [main] org.reflections.Reflections              : Reflections took 13 ms to scan 1 urls, producing 4 keys and 9 values 
23:02:08:899  INFO 6492 --- [main] org.reflections.Reflections              : Reflections took 7 ms to scan 1 urls, producing 3 keys and 10 values 
23:02:08:901  WARN 6492 --- [main] org.reflections.Reflections              : given scan urls are empty. set urls in the configuration
23:02:08:908  INFO 6492 --- [main] org.reflections.Reflections              : Reflections took 6 ms to scan 1 urls, producing 1 keys and 5 values 
23:02:08:917  INFO 6492 --- [main] org.reflections.Reflections              : Reflections took 7 ms to scan 1 urls, producing 1 keys and 7 values 
23:02:08:926  INFO 6492 --- [main] org.reflections.Reflections              : Reflections took 7 ms to scan 1 urls, producing 2 keys and 8 values 
23:02:08:928  WARN 6492 --- [main] org.reflections.Reflections              : given scan urls are empty. set urls in the configuration
23:02:08:929  INFO 6492 --- [main] com.alibaba.nacos.common.remote.client   : [ac96936b-e499-48b7-a7c3-fd30eda17e23] RpcClient init label, labels = {module=naming, source=sdk}
23:02:08:932  INFO 6492 --- [main] com.alibaba.nacos.common.remote.client   : [ac96936b-e499-48b7-a7c3-fd30eda17e23] RpcClient init, ServerListFactory = com.alibaba.nacos.client.naming.core.ServerListManager
23:02:08:932  INFO 6492 --- [main] com.alibaba.nacos.common.remote.client   : [ac96936b-e499-48b7-a7c3-fd30eda17e23] Registry connection listener to current client:com.alibaba.nacos.client.naming.remote.gprc.redo.NamingGrpcRedoService
23:02:08:932  INFO 6492 --- [main] com.alibaba.nacos.common.remote.client   : [ac96936b-e499-48b7-a7c3-fd30eda17e23] Register server push request handler:com.alibaba.nacos.client.naming.remote.gprc.NamingPushRequestHandler
23:02:08:934  INFO 6492 --- [main] com.alibaba.nacos.common.remote.client   : [ac96936b-e499-48b7-a7c3-fd30eda17e23] Try to connect to server on start up, server: {serverIp = '192.168.244.130', server main port = 8848}
23:02:11:160  INFO 6492 --- [main] com.alibaba.nacos.common.remote.client   : [ac96936b-e499-48b7-a7c3-fd30eda17e23] Success to connect to server [192.168.244.130:8848] on start up, connectionId = 1717254131123_192.168.244.1_14644
23:02:11:161  INFO 6492 --- [com.alibaba.nacos.client.remote.worker] com.alibaba.nacos.common.remote.client   : [ac96936b-e499-48b7-a7c3-fd30eda17e23] Notify connected event to listeners.
23:02:11:162  INFO 6492 --- [main] com.alibaba.nacos.common.remote.client   : [ac96936b-e499-48b7-a7c3-fd30eda17e23] Register server push request handler:com.alibaba.nacos.common.remote.client.RpcClient$ConnectResetRequestHandler
23:02:11:163  INFO 6492 --- [main] com.alibaba.nacos.common.remote.client   : [ac96936b-e499-48b7-a7c3-fd30eda17e23] Register server push request handler:com.alibaba.nacos.common.remote.client.RpcClient$$Lambda$937/0x00000008006e5840
23:02:11:245  INFO 6492 --- [main] o.s.b.w.embedded.tomcat.TomcatWebServer  : Tomcat started on port(s): 8083 (http) with context path ''
23:02:11:254  INFO 6492 --- [main] c.a.c.n.registry.NacosServiceRegistry    : nacos registry, DEFAULT_GROUP item-service 192.168.28.1:8083 register finished
23:02:11:769  INFO 19536 --- [nacos-grpc-client-executor-161] com.alibaba.nacos.common.remote.client   : [60cac30e-ddc0-4aef-8dd2-f4337852aff8] Receive server push request, request = NotifySubscriberRequest, requestId = 8
23:02:11:778  INFO 19536 --- [nacos-grpc-client-executor-161] com.alibaba.nacos.common.remote.client   : [60cac30e-ddc0-4aef-8dd2-f4337852aff8] Ack server push request, request = NotifySubscriberRequest, requestId = 8
23:02:11:786  INFO 6492 --- [nacos-grpc-client-executor-10] com.alibaba.nacos.common.remote.client   : [ac96936b-e499-48b7-a7c3-fd30eda17e23] Receive server push request, request = NotifySubscriberRequest, requestId = 10
23:02:11:795  INFO 6492 --- [nacos-grpc-client-executor-10] com.alibaba.nacos.common.remote.client   : [ac96936b-e499-48b7-a7c3-fd30eda17e23] Ack server push request, request = NotifySubscriberRequest, requestId = 10
23:02:11:842  INFO 6492 --- [main] d.s.w.p.DocumentationPluginsBootstrapper : Documentation plugins bootstrapped
23:02:11:844  INFO 6492 --- [main] d.s.w.p.DocumentationPluginsBootstrapper : Found 1 custom documentation plugin(s)
23:02:11:866  INFO 6492 --- [main] s.d.s.w.s.ApiListingReferenceScanner     : Scanning for api listing references
23:02:12:085  INFO 6492 --- [main] com.hmall.item.ItemApplication           : Started ItemApplication in 9.416 seconds (JVM running for 11.084)
23:03:21:472  INFO 6492 --- [http-nio-8083-exec-1] o.a.c.c.C.[Tomcat].[localhost].[/]       : Initializing Spring DispatcherServlet 'dispatcherServlet'
23:03:21:472  INFO 6492 --- [http-nio-8083-exec-1] o.s.web.servlet.DispatcherServlet        : Initializing Servlet 'dispatcherServlet'
23:03:21:473  INFO 6492 --- [http-nio-8083-exec-1] o.s.web.servlet.DispatcherServlet        : Completed initialization in 1 ms
23:03:21:584  INFO 6492 --- [http-nio-8083-exec-1] com.zaxxer.hikari.HikariDataSource       : HikariPool-1 - Starting...
23:03:21:781  INFO 6492 --- [http-nio-8083-exec-1] com.zaxxer.hikari.HikariDataSource       : HikariPool-1 - Start completed.
23:03:21:787 DEBUG 6492 --- [http-nio-8083-exec-1] c.h.i.m.ItemMapper.selectPage_mpCount    : ==>  Preparing: SELECT COUNT(*) FROM item
23:03:21:803 DEBUG 6492 --- [http-nio-8083-exec-1] c.h.i.m.ItemMapper.selectPage_mpCount    : ==> Parameters: 
23:03:21:823 DEBUG 6492 --- [http-nio-8083-exec-1] c.h.i.m.ItemMapper.selectPage_mpCount    : <==      Total: 1
23:03:21:831 DEBUG 6492 --- [http-nio-8083-exec-1] c.h.item.mapper.ItemMapper.selectPage    : ==>  Preparing: SELECT id, name, price, stock, image, category, brand, spec, sold, comment_count, isAD, status, create_time, update_time, creater, updater FROM item ORDER BY update_time DESC LIMIT ?
23:03:21:831 DEBUG 6492 --- [http-nio-8083-exec-1] c.h.item.mapper.ItemMapper.selectPage    : ==> Parameters: 20(Long)
23:03:21:845 DEBUG 6492 --- [http-nio-8083-exec-1] c.h.item.mapper.ItemMapper.selectPage    : <==      Total: 20
23:03:24:388 DEBUG 19536 --- [http-nio-8081-exec-3] c.h.i.m.ItemMapper.selectPage_mpCount    : ==>  Preparing: SELECT COUNT(*) FROM item
23:03:24:389 DEBUG 19536 --- [http-nio-8081-exec-3] c.h.i.m.ItemMapper.selectPage_mpCount    : ==> Parameters: 
23:03:24:395 DEBUG 19536 --- [http-nio-8081-exec-3] c.h.i.m.ItemMapper.selectPage_mpCount    : <==      Total: 1
23:03:24:397 DEBUG 19536 --- [http-nio-8081-exec-3] c.h.item.mapper.ItemMapper.selectPage    : ==>  Preparing: SELECT id, name, price, stock, image, category, brand, spec, sold, comment_count, isAD, status, create_time, update_time, creater, updater FROM item ORDER BY update_time DESC LIMIT ?
23:03:24:397 DEBUG 19536 --- [http-nio-8081-exec-3] c.h.item.mapper.ItemMapper.selectPage    : ==> Parameters: 20(Long)
23:03:24:401 DEBUG 19536 --- [http-nio-8081-exec-3] c.h.item.mapper.ItemMapper.selectPage    : <==      Total: 20
23:03:24:884 DEBUG 6492 --- [http-nio-8083-exec-2] c.h.i.m.ItemMapper.selectPage_mpCount    : ==>  Preparing: SELECT COUNT(*) FROM item
23:03:24:884 DEBUG 6492 --- [http-nio-8083-exec-2] c.h.i.m.ItemMapper.selectPage_mpCount    : ==> Parameters: 
23:03:24:892 DEBUG 6492 --- [http-nio-8083-exec-2] c.h.i.m.ItemMapper.selectPage_mpCount    : <==      Total: 1
23:03:24:893 DEBUG 6492 --- [http-nio-8083-exec-2] c.h.item.mapper.ItemMapper.selectPage    : ==>  Preparing: SELECT id, name, price, stock, image, category, brand, spec, sold, comment_count, isAD, status, create_time, update_time, creater, updater FROM item ORDER BY update_time DESC LIMIT ?
23:03:24:894 DEBUG 6492 --- [http-nio-8083-exec-2] c.h.item.mapper.ItemMapper.selectPage    : ==> Parameters: 20(Long)
23:03:24:899 DEBUG 6492 --- [http-nio-8083-exec-2] c.h.item.mapper.ItemMapper.selectPage    : <==      Total: 20
23:03:25:323 DEBUG 19536 --- [http-nio-8081-exec-9] c.h.i.m.ItemMapper.selectPage_mpCount    : ==>  Preparing: SELECT COUNT(*) FROM item
23:03:25:323 DEBUG 19536 --- [http-nio-8081-exec-9] c.h.i.m.ItemMapper.selectPage_mpCount    : ==> Parameters: 
23:03:25:331 DEBUG 19536 --- [http-nio-8081-exec-9] c.h.i.m.ItemMapper.selectPage_mpCount    : <==      Total: 1
23:03:25:333 DEBUG 19536 --- [http-nio-8081-exec-9] c.h.item.mapper.ItemMapper.selectPage    : ==>  Preparing: SELECT id, name, price, stock, image, category, brand, spec, sold, comment_count, isAD, status, create_time, update_time, creater, updater FROM item ORDER BY update_time DESC LIMIT ?
23:03:25:334 DEBUG 19536 --- [http-nio-8081-exec-9] c.h.item.mapper.ItemMapper.selectPage    : ==> Parameters: 20(Long)
23:03:25:338 DEBUG 19536 --- [http-nio-8081-exec-9] c.h.item.mapper.ItemMapper.selectPage    : <==      Total: 20
23:03:34:570 DEBUG 6492 --- [http-nio-8083-exec-3] c.h.i.m.ItemMapper.selectPage_mpCount    : ==>  Preparing: SELECT COUNT(*) FROM item
23:03:34:570 DEBUG 6492 --- [http-nio-8083-exec-3] c.h.i.m.ItemMapper.selectPage_mpCount    : ==> Parameters: 
23:03:34:575 DEBUG 6492 --- [http-nio-8083-exec-3] c.h.i.m.ItemMapper.selectPage_mpCount    : <==      Total: 1
23:03:34:577 DEBUG 6492 --- [http-nio-8083-exec-3] c.h.item.mapper.ItemMapper.selectPage    : ==>  Preparing: SELECT id, name, price, stock, image, category, brand, spec, sold, comment_count, isAD, status, create_time, update_time, creater, updater FROM item ORDER BY update_time DESC LIMIT ?
23:03:34:577 DEBUG 6492 --- [http-nio-8083-exec-3] c.h.item.mapper.ItemMapper.selectPage    : ==> Parameters: 20(Long)
23:03:34:580 DEBUG 6492 --- [http-nio-8083-exec-3] c.h.item.mapper.ItemMapper.selectPage    : <==      Total: 20
23:03:38:146 DEBUG 19536 --- [http-nio-8081-exec-8] c.h.i.m.ItemMapper.selectPage_mpCount    : ==>  Preparing: SELECT COUNT(*) FROM item
23:03:38:146 DEBUG 19536 --- [http-nio-8081-exec-8] c.h.i.m.ItemMapper.selectPage_mpCount    : ==> Parameters: 
23:03:38:460 DEBUG 19536 --- [http-nio-8081-exec-8] c.h.i.m.ItemMapper.selectPage_mpCount    : <==      Total: 1
23:03:38:461 DEBUG 19536 --- [http-nio-8081-exec-8] c.h.item.mapper.ItemMapper.selectPage    : ==>  Preparing: SELECT id, name, price, stock, image, category, brand, spec, sold, comment_count, isAD, status, create_time, update_time, creater, updater FROM item ORDER BY update_time DESC LIMIT ?
23:03:38:461 DEBUG 19536 --- [http-nio-8081-exec-8] c.h.item.mapper.ItemMapper.selectPage    : ==> Parameters: 20(Long)
23:03:38:464 DEBUG 19536 --- [http-nio-8081-exec-8] c.h.item.mapper.ItemMapper.selectPage    : <==      Total: 20
23:03:40:457 DEBUG 6492 --- [http-nio-8083-exec-6] c.h.i.m.ItemMapper.selectPage_mpCount    : ==>  Preparing: SELECT COUNT(*) FROM item
23:03:40:457 DEBUG 6492 --- [http-nio-8083-exec-6] c.h.i.m.ItemMapper.selectPage_mpCount    : ==> Parameters: 
23:03:40:463 DEBUG 6492 --- [http-nio-8083-exec-6] c.h.i.m.ItemMapper.selectPage_mpCount    : <==      Total: 1
23:03:40:464 DEBUG 6492 --- [http-nio-8083-exec-6] c.h.item.mapper.ItemMapper.selectPage    : ==>  Preparing: SELECT id, name, price, stock, image, category, brand, spec, sold, comment_count, isAD, status, create_time, update_time, creater, updater FROM item ORDER BY update_time DESC LIMIT ?
23:03:40:464 DEBUG 6492 --- [http-nio-8083-exec-6] c.h.item.mapper.ItemMapper.selectPage    : ==> Parameters: 20(Long)
23:03:40:468 DEBUG 6492 --- [http-nio-8083-exec-6] c.h.item.mapper.ItemMapper.selectPage    : <==      Total: 20
23:07:46:045  WARN 6492 --- [Thread-7] c.a.n.common.http.HttpClientBeanHolder   : [HttpClientBeanHolder] Start destroying common HttpClient
23:07:46:045  WARN 6492 --- [Thread-4] c.a.nacos.common.notify.NotifyCenter     : [NotifyCenter] Start destroying Publisher
23:07:46:045  WARN 6492 --- [Thread-4] c.a.nacos.common.notify.NotifyCenter     : [NotifyCenter] Destruction of the end
23:07:46:053  WARN 6492 --- [Thread-7] c.a.n.common.http.HttpClientBeanHolder   : [HttpClientBeanHolder] Destruction of the end
23:07:46:144  WARN 19536 --- [Thread-7] c.a.n.common.http.HttpClientBeanHolder   : [HttpClientBeanHolder] Start destroying common HttpClient
23:07:46:144  WARN 19536 --- [Thread-4] c.a.nacos.common.notify.NotifyCenter     : [NotifyCenter] Start destroying Publisher
23:07:46:144  WARN 19536 --- [Thread-4] c.a.nacos.common.notify.NotifyCenter     : [NotifyCenter] Destruction of the end
23:07:46:148  WARN 19536 --- [Thread-7] c.a.n.common.http.HttpClientBeanHolder   : [HttpClientBeanHolder] Destruction of the end
23:07:46:823  INFO 6492 --- [SpringApplicationShutdownHook] c.a.c.n.registry.NacosServiceRegistry    : De-registering from Nacos Server now...
23:07:46:835  INFO 6492 --- [SpringApplicationShutdownHook] c.a.c.n.registry.NacosServiceRegistry    : De-registration finished.
23:07:46:843  INFO 19536 --- [SpringApplicationShutdownHook] c.a.c.n.registry.NacosServiceRegistry    : De-registering from Nacos Server now...
23:07:46:848  INFO 19536 --- [SpringApplicationShutdownHook] c.a.c.n.registry.NacosServiceRegistry    : De-registration finished.
23:07:47:170  INFO 6492 --- [SpringApplicationShutdownHook] com.alibaba.nacos.common.remote.client   : Shutdown rpc client, set status to shutdown
23:07:47:170  INFO 6492 --- [SpringApplicationShutdownHook] com.alibaba.nacos.common.remote.client   : Shutdown client event executor java.util.concurrent.ScheduledThreadPoolExecutor@6616ae68[Running, pool size = 2, active threads = 2, queued tasks = 0, completed tasks = 0]
23:07:47:170  INFO 6492 --- [SpringApplicationShutdownHook] com.alibaba.nacos.common.remote.client   : Close current connection 1717254131123_192.168.244.1_14644
23:07:47:173  INFO 6492 --- [nacos-grpc-client-executor-90] c.a.n.c.remote.client.grpc.GrpcClient    : [1717254131123_192.168.244.1_14644]Ignore complete event,isRunning:false,isAbandon=false
23:07:47:177  INFO 6492 --- [SpringApplicationShutdownHook] c.a.n.c.remote.client.grpc.GrpcClient    : Shutdown grpc executor java.util.concurrent.ThreadPoolExecutor@424c17d9[Running, pool size = 5, active threads = 0, queued tasks = 0, completed tasks = 91]
23:07:47:179  INFO 19536 --- [SpringApplicationShutdownHook] com.alibaba.nacos.common.remote.client   : Shutdown rpc client, set status to shutdown
23:07:47:179  INFO 19536 --- [SpringApplicationShutdownHook] com.alibaba.nacos.common.remote.client   : Shutdown client event executor java.util.concurrent.ScheduledThreadPoolExecutor@74636574[Running, pool size = 2, active threads = 2, queued tasks = 0, completed tasks = 0]
23:07:47:179  INFO 19536 --- [SpringApplicationShutdownHook] com.alibaba.nacos.common.remote.client   : Close current connection 1717253570750_192.168.244.1_13818
23:07:47:188  INFO 19536 --- [nacos-grpc-client-executor-229] c.a.n.c.remote.client.grpc.GrpcClient    : [1717253570750_192.168.244.1_13818]Ignore complete event,isRunning:false,isAbandon=false
23:07:47:190  INFO 19536 --- [SpringApplicationShutdownHook] c.a.n.c.remote.client.grpc.GrpcClient    : Shutdown grpc executor java.util.concurrent.ThreadPoolExecutor@60eaadd0[Running, pool size = 5, active threads = 0, queued tasks = 0, completed tasks = 230]
23:07:47:198  INFO 19536 --- [SpringApplicationShutdownHook] com.zaxxer.hikari.HikariDataSource       : HikariPool-1 - Shutdown initiated...
23:07:47:203  INFO 6492 --- [SpringApplicationShutdownHook] com.zaxxer.hikari.HikariDataSource       : HikariPool-1 - Shutdown initiated...
23:07:47:507  INFO 6492 --- [SpringApplicationShutdownHook] com.zaxxer.hikari.HikariDataSource       : HikariPool-1 - Shutdown completed.
23:07:47:510  INFO 19536 --- [SpringApplicationShutdownHook] com.zaxxer.hikari.HikariDataSource       : HikariPool-1 - Shutdown completed.
