22:55:40:731  INFO 12472 --- [main] com.hmall.user.UserApplication           : Starting UserApplication using Java 11.0.23 on ybwwt with PID 12472 (E:\src\JAVALearn\C3\hmall\user-service\target\classes started by 10520 in E:\src\JAVALearn\C3\hmall)
22:55:40:735 DEBUG 12472 --- [main] com.hmall.user.UserApplication           : Running with Spring Boot v2.7.12, Spring v5.3.27
22:55:40:736  INFO 12472 --- [main] com.hmall.user.UserApplication           : The following 1 profile is active: "local"
22:55:41:626  INFO 12472 --- [main] o.s.cloud.context.scope.GenericScope     : BeanFactory id=1ebc69d9-2e68-357b-b63d-e5fa662ce5e4
22:55:41:891  INFO 12472 --- [main] o.s.b.w.embedded.tomcat.TomcatWebServer  : Tomcat initialized with port(s): 8084 (http)
22:55:41:898  INFO 12472 --- [main] o.apache.catalina.core.StandardService   : Starting service [Tomcat]
22:55:41:898  INFO 12472 --- [main] org.apache.catalina.core.StandardEngine  : Starting Servlet engine: [Apache Tomcat/9.0.75]
22:55:42:002  INFO 12472 --- [main] o.a.c.c.C.[Tomcat].[localhost].[/]       : Initializing Spring embedded WebApplicationContext
22:55:42:003  INFO 12472 --- [main] w.s.c.ServletWebServerApplicationContext : Root WebApplicationContext: initialization completed in 1227 ms
22:55:45:172  INFO 12472 --- [main] pertySourcedRequestMappingHandlerMapping : Mapped URL path [/v2/api-docs] onto method [springfox.documentation.swagger2.web.Swagger2ControllerWebMvc#getDocumentation(String, HttpServletRequest)]
22:55:46:645  INFO 12472 --- [main] com.alibaba.nacos.common.remote.client   : [RpcClientFactory] create a new rpc client of baa57be0-ccb9-4a9e-b5b7-31514d975c38
22:55:46:760  INFO 12472 --- [main] org.reflections.Reflections              : Reflections took 25 ms to scan 1 urls, producing 3 keys and 6 values 
22:55:46:834  INFO 12472 --- [main] org.reflections.Reflections              : Reflections took 9 ms to scan 1 urls, producing 4 keys and 9 values 
22:55:46:845  INFO 12472 --- [main] org.reflections.Reflections              : Reflections took 8 ms to scan 1 urls, producing 3 keys and 10 values 
22:55:46:848  WARN 12472 --- [main] org.reflections.Reflections              : given scan urls are empty. set urls in the configuration
22:55:46:855  INFO 12472 --- [main] org.reflections.Reflections              : Reflections took 7 ms to scan 1 urls, producing 1 keys and 5 values 
22:55:46:866  INFO 12472 --- [main] org.reflections.Reflections              : Reflections took 9 ms to scan 1 urls, producing 1 keys and 7 values 
22:55:46:879  INFO 12472 --- [main] org.reflections.Reflections              : Reflections took 10 ms to scan 1 urls, producing 2 keys and 8 values 
22:55:46:881  WARN 12472 --- [main] org.reflections.Reflections              : given scan urls are empty. set urls in the configuration
22:55:46:893  INFO 12472 --- [main] com.alibaba.nacos.common.remote.client   : [baa57be0-ccb9-4a9e-b5b7-31514d975c38] RpcClient init label, labels = {module=naming, source=sdk}
22:55:46:895  INFO 12472 --- [main] com.alibaba.nacos.common.remote.client   : [baa57be0-ccb9-4a9e-b5b7-31514d975c38] RpcClient init, ServerListFactory = com.alibaba.nacos.client.naming.core.ServerListManager
22:55:46:895  INFO 12472 --- [main] com.alibaba.nacos.common.remote.client   : [baa57be0-ccb9-4a9e-b5b7-31514d975c38] Registry connection listener to current client:com.alibaba.nacos.client.naming.remote.gprc.redo.NamingGrpcRedoService
22:55:46:896  INFO 12472 --- [main] com.alibaba.nacos.common.remote.client   : [baa57be0-ccb9-4a9e-b5b7-31514d975c38] Register server push request handler:com.alibaba.nacos.client.naming.remote.gprc.NamingPushRequestHandler
22:55:46:897  INFO 12472 --- [main] com.alibaba.nacos.common.remote.client   : [baa57be0-ccb9-4a9e-b5b7-31514d975c38] Try to connect to server on start up, server: {serverIp = '192.168.244.130', server main port = 8848}
22:55:57:839 ERROR 12472 --- [main] c.a.n.c.remote.client.grpc.GrpcClient    : Server check fail, please check server 192.168.244.130 ,port 9848 is available , error ={}

java.util.concurrent.TimeoutException: Waited 3000 milliseconds (plus 2 milliseconds, 847300 nanoseconds delay) for com.alibaba.nacos.shaded.io.grpc.stub.ClientCalls$GrpcFuture@3487947c[status=PENDING, info=[GrpcFuture{clientCall={delegate={delegate=ClientCallImpl{method=MethodDescriptor{fullMethodName=Request/request, type=UNARY, idempotent=false, safe=false, sampledToLocalTracing=true, requestMarshaller=com.alibaba.nacos.shaded.io.grpc.protobuf.lite.ProtoLiteUtils$MessageMarshaller@1610c03c, responseMarshaller=com.alibaba.nacos.shaded.io.grpc.protobuf.lite.ProtoLiteUtils$MessageMarshaller@332fa1c, schemaDescriptor=com.alibaba.nacos.api.grpc.auto.RequestGrpc$RequestMethodDescriptorSupplier@7c200e57}}}}}]]
	at com.alibaba.nacos.shaded.com.google.common.util.concurrent.AbstractFuture.get(AbstractFuture.java:508) ~[nacos-client-2.0.4.jar:na]
	at com.alibaba.nacos.common.remote.client.grpc.GrpcClient.serverCheck(GrpcClient.java:148) ~[nacos-client-2.0.4.jar:na]
	at com.alibaba.nacos.common.remote.client.grpc.GrpcClient.connectToServer(GrpcClient.java:264) ~[nacos-client-2.0.4.jar:na]
	at com.alibaba.nacos.common.remote.client.RpcClient.start(RpcClient.java:390) ~[nacos-client-2.0.4.jar:na]
	at com.alibaba.nacos.client.naming.remote.gprc.NamingGrpcClientProxy.start(NamingGrpcClientProxy.java:96) ~[nacos-client-2.0.4.jar:na]
	at com.alibaba.nacos.client.naming.remote.gprc.NamingGrpcClientProxy.<init>(NamingGrpcClientProxy.java:89) ~[nacos-client-2.0.4.jar:na]
	at com.alibaba.nacos.client.naming.remote.NamingClientProxyDelegate.<init>(NamingClientProxyDelegate.java:76) ~[nacos-client-2.0.4.jar:na]
	at com.alibaba.nacos.client.naming.NacosNamingService.init(NacosNamingService.java:95) ~[nacos-client-2.0.4.jar:na]
	at com.alibaba.nacos.client.naming.NacosNamingService.<init>(NacosNamingService.java:81) ~[nacos-client-2.0.4.jar:na]
	at java.base/jdk.internal.reflect.NativeConstructorAccessorImpl.newInstance0(Native Method) ~[na:na]
	at java.base/jdk.internal.reflect.NativeConstructorAccessorImpl.newInstance(NativeConstructorAccessorImpl.java:62) ~[na:na]
	at java.base/jdk.internal.reflect.DelegatingConstructorAccessorImpl.newInstance(DelegatingConstructorAccessorImpl.java:45) ~[na:na]
	at java.base/java.lang.reflect.Constructor.newInstance(Constructor.java:490) ~[na:na]
	at com.alibaba.nacos.api.naming.NamingFactory.createNamingService(NamingFactory.java:59) ~[nacos-client-2.0.4.jar:na]
	at com.alibaba.nacos.api.NacosFactory.createNamingService(NacosFactory.java:77) ~[nacos-client-2.0.4.jar:na]
	at com.alibaba.cloud.nacos.NacosServiceManager.createNewNamingService(NacosServiceManager.java:99) ~[spring-cloud-starter-alibaba-nacos-discovery-2021.0.4.0.jar:2021.0.4.0]
	at com.alibaba.cloud.nacos.NacosServiceManager.buildNamingService(NacosServiceManager.java:90) ~[spring-cloud-starter-alibaba-nacos-discovery-2021.0.4.0.jar:2021.0.4.0]
	at com.alibaba.cloud.nacos.NacosServiceManager.getNamingService(NacosServiceManager.java:46) ~[spring-cloud-starter-alibaba-nacos-discovery-2021.0.4.0.jar:2021.0.4.0]
	at com.alibaba.cloud.nacos.discovery.NacosWatch.start(NacosWatch.java:130) ~[spring-cloud-starter-alibaba-nacos-discovery-2021.0.4.0.jar:2021.0.4.0]
	at org.springframework.context.support.DefaultLifecycleProcessor.doStart(DefaultLifecycleProcessor.java:178) ~[spring-context-5.3.27.jar:5.3.27]
	at org.springframework.context.support.DefaultLifecycleProcessor.access$200(DefaultLifecycleProcessor.java:54) ~[spring-context-5.3.27.jar:5.3.27]
	at org.springframework.context.support.DefaultLifecycleProcessor$LifecycleGroup.start(DefaultLifecycleProcessor.java:356) ~[spring-context-5.3.27.jar:5.3.27]
	at java.base/java.lang.Iterable.forEach(Iterable.java:75) ~[na:na]
	at org.springframework.context.support.DefaultLifecycleProcessor.startBeans(DefaultLifecycleProcessor.java:155) ~[spring-context-5.3.27.jar:5.3.27]
	at org.springframework.context.support.DefaultLifecycleProcessor.onRefresh(DefaultLifecycleProcessor.java:123) ~[spring-context-5.3.27.jar:5.3.27]
	at org.springframework.context.support.AbstractApplicationContext.finishRefresh(AbstractApplicationContext.java:937) ~[spring-context-5.3.27.jar:5.3.27]
	at org.springframework.context.support.AbstractApplicationContext.refresh(AbstractApplicationContext.java:586) ~[spring-context-5.3.27.jar:5.3.27]
	at org.springframework.boot.web.servlet.context.ServletWebServerApplicationContext.refresh(ServletWebServerApplicationContext.java:147) ~[spring-boot-2.7.12.jar:2.7.12]
	at org.springframework.boot.SpringApplication.refresh(SpringApplication.java:731) ~[spring-boot-2.7.12.jar:2.7.12]
	at org.springframework.boot.SpringApplication.refreshContext(SpringApplication.java:408) ~[spring-boot-2.7.12.jar:2.7.12]
	at org.springframework.boot.SpringApplication.run(SpringApplication.java:307) ~[spring-boot-2.7.12.jar:2.7.12]
	at org.springframework.boot.SpringApplication.run(SpringApplication.java:1303) ~[spring-boot-2.7.12.jar:2.7.12]
	at org.springframework.boot.SpringApplication.run(SpringApplication.java:1292) ~[spring-boot-2.7.12.jar:2.7.12]
	at com.hmall.user.UserApplication.main(UserApplication.java:13) ~[classes/:na]

22:55:57:861  INFO 12472 --- [main] com.alibaba.nacos.common.remote.client   : [baa57be0-ccb9-4a9e-b5b7-31514d975c38] Try to connect to server on start up, server: {serverIp = '192.168.244.130', server main port = 8848}
22:55:58:819  INFO 12472 --- [main] com.alibaba.nacos.common.remote.client   : [baa57be0-ccb9-4a9e-b5b7-31514d975c38] Success to connect to server [192.168.244.130:8848] on start up, connectionId = 1717253758359_192.168.244.1_14019
22:55:58:820  INFO 12472 --- [com.alibaba.nacos.client.remote.worker] com.alibaba.nacos.common.remote.client   : [baa57be0-ccb9-4a9e-b5b7-31514d975c38] Notify connected event to listeners.
22:55:58:822  INFO 12472 --- [main] com.alibaba.nacos.common.remote.client   : [baa57be0-ccb9-4a9e-b5b7-31514d975c38] Register server push request handler:com.alibaba.nacos.common.remote.client.RpcClient$ConnectResetRequestHandler
22:55:58:823  INFO 12472 --- [main] com.alibaba.nacos.common.remote.client   : [baa57be0-ccb9-4a9e-b5b7-31514d975c38] Register server push request handler:com.alibaba.nacos.common.remote.client.RpcClient$$Lambda$957/0x0000000800714440
22:55:59:215  INFO 12472 --- [main] o.s.b.w.embedded.tomcat.TomcatWebServer  : Tomcat started on port(s): 8084 (http) with context path ''
22:55:59:230  INFO 12472 --- [main] c.a.c.n.registry.NacosServiceRegistry    : nacos registry, DEFAULT_GROUP user-service 192.168.28.1:8084 register finished
22:55:59:504  INFO 12472 --- [nacos-grpc-client-executor-9] com.alibaba.nacos.common.remote.client   : [baa57be0-ccb9-4a9e-b5b7-31514d975c38] Receive server push request, request = NotifySubscriberRequest, requestId = 2
22:55:59:539  INFO 12472 --- [nacos-grpc-client-executor-9] com.alibaba.nacos.common.remote.client   : [baa57be0-ccb9-4a9e-b5b7-31514d975c38] Ack server push request, request = NotifySubscriberRequest, requestId = 2
22:55:59:911  INFO 12472 --- [main] d.s.w.p.DocumentationPluginsBootstrapper : Documentation plugins bootstrapped
22:55:59:915  INFO 12472 --- [main] d.s.w.p.DocumentationPluginsBootstrapper : Found 1 custom documentation plugin(s)
22:55:59:946  INFO 12472 --- [main] s.d.s.w.s.ApiListingReferenceScanner     : Scanning for api listing references
22:56:00:268  INFO 12472 --- [main] com.hmall.user.UserApplication           : Started UserApplication in 20.697 seconds (JVM running for 21.674)
23:07:11:827  INFO 12472 --- [http-nio-8084-exec-1] o.a.c.c.C.[Tomcat].[localhost].[/]       : Initializing Spring DispatcherServlet 'dispatcherServlet'
23:07:11:828  INFO 12472 --- [http-nio-8084-exec-1] o.s.web.servlet.DispatcherServlet        : Initializing Servlet 'dispatcherServlet'
23:07:11:831  INFO 12472 --- [http-nio-8084-exec-1] o.s.web.servlet.DispatcherServlet        : Completed initialization in 3 ms
23:07:12:079  INFO 12472 --- [http-nio-8084-exec-1] com.zaxxer.hikari.HikariDataSource       : HikariPool-1 - Starting...
23:07:12:712  INFO 12472 --- [http-nio-8084-exec-1] com.zaxxer.hikari.HikariDataSource       : HikariPool-1 - Start completed.
23:07:12:718 DEBUG 12472 --- [http-nio-8084-exec-1] c.h.user.mapper.UserMapper.selectOne     : ==>  Preparing: SELECT id,username,password,phone,create_time,update_time,status,balance FROM user WHERE (username = ?)
23:07:12:737 DEBUG 12472 --- [http-nio-8084-exec-1] c.h.user.mapper.UserMapper.selectOne     : ==> Parameters: jack(String)
23:07:12:811 DEBUG 12472 --- [http-nio-8084-exec-1] c.h.user.mapper.UserMapper.selectOne     : <==      Total: 1
23:07:46:027  WARN 12472 --- [Thread-4] c.a.nacos.common.notify.NotifyCenter     : [NotifyCenter] Start destroying Publisher
23:07:46:027  WARN 12472 --- [Thread-7] c.a.n.common.http.HttpClientBeanHolder   : [HttpClientBeanHolder] Start destroying common HttpClient
23:07:46:027  WARN 12472 --- [Thread-4] c.a.nacos.common.notify.NotifyCenter     : [NotifyCenter] Destruction of the end
23:07:46:053  WARN 12472 --- [Thread-7] c.a.n.common.http.HttpClientBeanHolder   : [HttpClientBeanHolder] Destruction of the end
23:07:46:826  INFO 12472 --- [SpringApplicationShutdownHook] c.a.c.n.registry.NacosServiceRegistry    : De-registering from Nacos Server now...
23:07:46:838  INFO 12472 --- [SpringApplicationShutdownHook] c.a.c.n.registry.NacosServiceRegistry    : De-registration finished.
23:07:47:178  INFO 12472 --- [SpringApplicationShutdownHook] com.alibaba.nacos.common.remote.client   : Shutdown rpc client, set status to shutdown
23:07:47:178  INFO 12472 --- [SpringApplicationShutdownHook] com.alibaba.nacos.common.remote.client   : Shutdown client event executor java.util.concurrent.ScheduledThreadPoolExecutor@fda6e67[Running, pool size = 2, active threads = 2, queued tasks = 0, completed tasks = 0]
23:07:47:178  INFO 12472 --- [SpringApplicationShutdownHook] com.alibaba.nacos.common.remote.client   : Close current connection 1717253758359_192.168.244.1_14019
23:07:47:180  INFO 12472 --- [SpringApplicationShutdownHook] c.a.n.c.remote.client.grpc.GrpcClient    : Shutdown grpc executor java.util.concurrent.ThreadPoolExecutor@30ac527f[Running, pool size = 4, active threads = 0, queued tasks = 0, completed tasks = 160]
23:07:47:191  INFO 12472 --- [SpringApplicationShutdownHook] com.zaxxer.hikari.HikariDataSource       : HikariPool-1 - Shutdown initiated...
23:07:47:507  INFO 12472 --- [SpringApplicationShutdownHook] com.zaxxer.hikari.HikariDataSource       : HikariPool-1 - Shutdown completed.
